<?xml version="1.0" encoding="UTF-8"?>
<!-- Generated by org.testng.reporters.JUnitReportReporter -->
<testsuite hostname="KTL-PC-0016-PRECIOUS" failures="0" tests="2" name="testCases.TC001_AccountRegistrationTest" time="11.261" errors="0" timestamp="2025-03-10T14:12:00 WAT" skipped="0">
  <testcase classname="testCases.TC001_AccountRegistrationTest" name="verify_account_registration" time="5.222"/>
  <testcase classname="testCases.TC001_AccountRegistrationTest" name="verify_account_registration" time="6.039"/>
</testsuite> <!-- testCases.TC001_AccountRegistrationTest -->
